<?xml version="1.0" encoding="UTF-8"?>
<testsuite xmlns:xsi="http://www.w3.org/2001/XMLSchema-instance" xsi:noNamespaceSchemaLocation="https://maven.apache.org/surefire/maven-surefire-plugin/xsd/surefire-test-report-3.0.xsd" version="3.0" name="ch.skycell.RunCucumberTest" time="3.763" tests="5" errors="2" skipped="0" failures="0">
  <properties>
[...]
</properties>
  <testcase name="API Authentication" classname="Authentication" time="3.302">
    <system-out><![CDATA[
Scenario: API Authentication                      &amp#27;[90m# ch/skycell/authentication.feature:3&amp#27;[0m
  &amp#27;[32mGiven &amp#27;[0m&amp#27;[32mcredentials are definied&amp#27;[0m                  &amp#27;[90m# ch.skycell.StepDefinitions.credentials_are_definied()&amp#27;[0m
  &amp#27;[32mWhen &amp#27;[0m&amp#27;[32msending a request to authenticate&amp#27;[0m          &amp#27;[90m# ch.skycell.StepDefinitions.sending_a_request_to_authenticate()&amp#27;[0m
  &amp#27;[32mThen &amp#27;[0m&amp#27;[32mthe response contains authentication token&amp#27;[0m &amp#27;[90m# ch.skycell.StepDefinitions.the_response_contains_authentication_token()&amp#27;[0m
  &amp#27;[32mAnd &amp#27;[0m&amp#27;[32mthe token is a valid JWT token&amp#27;[0m              &amp#27;[90m# ch.skycell.StepDefinitions.the_token_is_a_valid_jwt_token()&amp#27;[0m
]]></system-out>
  </testcase>
  <testcase name="Example #1.1" classname="Examples" time="0.132">
    <system-out><![CDATA[
Scenario Outline: Create logger                                                    &amp#27;[90m# ch/skycell/logger_creation.feature:10&amp#27;[0m
  &amp#27;[32mGiven &amp#27;[0m&amp#27;[32mthe API for logger creation is defined&amp#27;[0m                                     &amp#27;[90m# ch.skycell.StepDefinitions.the_api_for_logger_creation_is_defined()&amp#27;[0m
  &amp#27;[32mWhen &amp#27;[0m&amp#27;[32ma user makes API requests to create logger with type &amp#27;[0m&amp#27;[32m&amp#27;[1m"MR_810T"&amp#27;[0m              &amp#27;[90m# ch.skycell.StepDefinitions.a_user_makes_api_requests_to_create_logger_with_type(java.lang.String)&amp#27;[0m
  &amp#27;[32mThen &amp#27;[0m&amp#27;[32mthe system should respond with successful creation messages for each logger&amp#27;[0m &amp#27;[90m# ch.skycell.StepDefinitions.the_system_should_respond_with_successful_creation_messages_for_each_logger()&amp#27;[0m
]]></system-out>
  </testcase>
  <testcase name="Example #1.2" classname="Examples" time="0.105">
    <system-out><![CDATA[
Scenario Outline: Create logger                                                    &amp#27;[90m# ch/skycell/logger_creation.feature:11&amp#27;[0m
  &amp#27;[32mGiven &amp#27;[0m&amp#27;[32mthe API for logger creation is defined&amp#27;[0m                                     &amp#27;[90m# ch.skycell.StepDefinitions.the_api_for_logger_creation_is_defined()&amp#27;[0m
  &amp#27;[32mWhen &amp#27;[0m&amp#27;[32ma user makes API requests to create logger with type &amp#27;[0m&amp#27;[32m&amp#27;[1m"MR_812P"&amp#27;[0m              &amp#27;[90m# ch.skycell.StepDefinitions.a_user_makes_api_requests_to_create_logger_with_type(java.lang.String)&amp#27;[0m
  &amp#27;[32mThen &amp#27;[0m&amp#27;[32mthe system should respond with successful creation messages for each logger&amp#27;[0m &amp#27;[90m# ch.skycell.StepDefinitions.the_system_should_respond_with_successful_creation_messages_for_each_logger()&amp#27;[0m
]]></system-out>
  </testcase>
  <testcase name="Logger with incorrect type not created" classname="Logger Creation" time="0.041">
    <error message="The step &apos;the incorrect logger type&apos; and 2 other step(s) are undefined.&#10;You can implement these steps using the snippet(s) below:&#10;&#10;@Given(&quot;the incorrect logger type&quot;)&#10;public void the_incorrect_logger_type() {&#10;    // Write code here that turns the phrase above into concrete actions&#10;    throw new io.cucumber.java.PendingException();&#10;}&#10;@When(&quot;a user makes API requests to create logger&quot;)&#10;public void a_user_makes_api_requests_to_create_logger() {&#10;    // Write code here that turns the phrase above into concrete actions&#10;    throw new io.cucumber.java.PendingException();&#10;}&#10;@Then(&quot;the system should not create the logger&quot;)&#10;public void the_system_should_not_create_the_logger() {&#10;    // Write code here that turns the phrase above into concrete actions&#10;    throw new io.cucumber.java.PendingException();&#10;}&#10;" type="io.cucumber.junit.platform.engine.UndefinedStepException"><![CDATA[io.cucumber.junit.platform.engine.UndefinedStepException: 
The step 'the incorrect logger type' and 2 other step(s) are undefined.
You can implement these steps using the snippet(s) below:

@Given("the incorrect logger type")
public void the_incorrect_logger_type() {
    // Write code here that turns the phrase above into concrete actions
    throw new io.cucumber.java.PendingException();
}
@When("a user makes API requests to create logger")
public void a_user_makes_api_requests_to_create_logger() {
    // Write code here that turns the phrase above into concrete actions
    throw new io.cucumber.java.PendingException();
}
@Then("the system should not create the logger")
public void the_system_should_not_create_the_logger() {
    // Write code here that turns the phrase above into concrete actions
    throw new io.cucumber.java.PendingException();
}

	at io.cucumber.core.runtime.TestCaseResultObserver.assertTestCasePassed(TestCaseResultObserver.java:69)
	at io.cucumber.junit.platform.engine.TestCaseResultObserver.assertTestCasePassed(TestCaseResultObserver.java:22)
	at io.cucumber.junit.platform.engine.CucumberEngineExecutionContext.lambda$runTestCase$4(CucumberEngineExecutionContext.java:114)
	at io.cucumber.core.runtime.CucumberExecutionContext.lambda$runTestCase$5(CucumberExecutionContext.java:137)
	at io.cucumber.core.runtime.RethrowingThrowableCollector.executeAndThrow(RethrowingThrowableCollector.java:23)
	at io.cucumber.core.runtime.CucumberExecutionContext.runTestCase(CucumberExecutionContext.java:137)
	at io.cucumber.junit.platform.engine.CucumberEngineExecutionContext.runTestCase(CucumberEngineExecutionContext.java:109)
	at io.cucumber.junit.platform.engine.NodeDescriptor$PickleDescriptor.execute(NodeDescriptor.java:168)
	at io.cucumber.junit.platform.engine.NodeDescriptor$PickleDescriptor.execute(NodeDescriptor.java:90)
	at java.base/java.util.ArrayList.forEach(ArrayList.java:1596)
	at java.base/java.util.ArrayList.forEach(ArrayList.java:1596)
]]></error>
    <system-out><![CDATA[
Scenario: Logger with incorrect type not created  &amp#27;[90m# ch/skycell/logger_creation.feature:13&amp#27;[0m
  &amp#27;[33mGiven &amp#27;[0m&amp#27;[33mthe incorrect logger type&amp#27;[0m
  &amp#27;[36mWhen &amp#27;[0m&amp#27;[36ma user makes API requests to create logger&amp#27;[0m
  &amp#27;[36mThen &amp#27;[0m&amp#27;[36mthe system should not create the logger&amp#27;[0m
]]></system-out>
  </testcase>
  <testcase name="Logger with incorrect number not created" classname="Logger Creation" time="0.007">
    <error message="The step &apos;the incorrect logger number&apos; and 2 other step(s) are undefined.&#10;You can implement these steps using the snippet(s) below:&#10;&#10;@Given(&quot;the incorrect logger number&quot;)&#10;public void the_incorrect_logger_number() {&#10;    // Write code here that turns the phrase above into concrete actions&#10;    throw new io.cucumber.java.PendingException();&#10;}&#10;@When(&quot;a user makes API requests to create logger&quot;)&#10;public void a_user_makes_api_requests_to_create_logger() {&#10;    // Write code here that turns the phrase above into concrete actions&#10;    throw new io.cucumber.java.PendingException();&#10;}&#10;@Then(&quot;the system should not create the logger&quot;)&#10;public void the_system_should_not_create_the_logger() {&#10;    // Write code here that turns the phrase above into concrete actions&#10;    throw new io.cucumber.java.PendingException();&#10;}&#10;" type="io.cucumber.junit.platform.engine.UndefinedStepException"><![CDATA[io.cucumber.junit.platform.engine.UndefinedStepException: 
The step 'the incorrect logger number' and 2 other step(s) are undefined.
You can implement these steps using the snippet(s) below:

@Given("the incorrect logger number")
public void the_incorrect_logger_number() {
    // Write code here that turns the phrase above into concrete actions
    throw new io.cucumber.java.PendingException();
}
@When("a user makes API requests to create logger")
public void a_user_makes_api_requests_to_create_logger() {
    // Write code here that turns the phrase above into concrete actions
    throw new io.cucumber.java.PendingException();
}
@Then("the system should not create the logger")
public void the_system_should_not_create_the_logger() {
    // Write code here that turns the phrase above into concrete actions
    throw new io.cucumber.java.PendingException();
}

	at io.cucumber.core.runtime.TestCaseResultObserver.assertTestCasePassed(TestCaseResultObserver.java:69)
	at io.cucumber.junit.platform.engine.TestCaseResultObserver.assertTestCasePassed(TestCaseResultObserver.java:22)
	at io.cucumber.junit.platform.engine.CucumberEngineExecutionContext.lambda$runTestCase$4(CucumberEngineExecutionContext.java:114)
	at io.cucumber.core.runtime.CucumberExecutionContext.lambda$runTestCase$5(CucumberExecutionContext.java:137)
	at io.cucumber.core.runtime.RethrowingThrowableCollector.executeAndThrow(RethrowingThrowableCollector.java:23)
	at io.cucumber.core.runtime.CucumberExecutionContext.runTestCase(CucumberExecutionContext.java:137)
	at io.cucumber.junit.platform.engine.CucumberEngineExecutionContext.runTestCase(CucumberEngineExecutionContext.java:109)
	at io.cucumber.junit.platform.engine.NodeDescriptor$PickleDescriptor.execute(NodeDescriptor.java:168)
	at io.cucumber.junit.platform.engine.NodeDescriptor$PickleDescriptor.execute(NodeDescriptor.java:90)
	at java.base/java.util.ArrayList.forEach(ArrayList.java:1596)
	at java.base/java.util.ArrayList.forEach(ArrayList.java:1596)
]]></error>
    <system-out><![CDATA[
Scenario: Logger with incorrect number not created &amp#27;[90m# ch/skycell/logger_creation.feature:18&amp#27;[0m
  &amp#27;[33mGiven &amp#27;[0m&amp#27;[33mthe incorrect logger number&amp#27;[0m
  &amp#27;[36mWhen &amp#27;[0m&amp#27;[36ma user makes API requests to create logger&amp#27;[0m
  &amp#27;[36mThen &amp#27;[0m&amp#27;[36mthe system should not create the logger&amp#27;[0m
]]></system-out>
  </testcase>
</testsuite>