<?xml version="1.0" encoding="UTF-8"?>
<testsuite xmlns:xsi="http://www.w3.org/2001/XMLSchema-instance" xsi:noNamespaceSchemaLocation="https://maven.apache.org/surefire/maven-surefire-plugin/xsd/surefire-test-report-3.0.xsd" version="3.0" name="ch.skycell.RunCucumberTest" time="3.457" tests="3" errors="0" skipped="0" failures="0">
  <properties>
[...]
</properties>
  <testcase name="API Authentication" classname="Authentication" time="2.921">
    <system-out><![CDATA[
Scenario: API Authentication                      &amp#27;[90m# ch/skycell/authentication.feature:3&amp#27;[0m
  &amp#27;[32mGiven &amp#27;[0m&amp#27;[32mcredentials are definied&amp#27;[0m                  &amp#27;[90m# ch.skycell.StepDefinitions.credentials_are_definied()&amp#27;[0m
  &amp#27;[32mWhen &amp#27;[0m&amp#27;[32msending a request to authenticate&amp#27;[0m          &amp#27;[90m# ch.skycell.StepDefinitions.sending_a_request_to_authenticate()&amp#27;[0m
  &amp#27;[32mThen &amp#27;[0m&amp#27;[32mthe response contains authentication token&amp#27;[0m &amp#27;[90m# ch.skycell.StepDefinitions.the_response_contains_authentication_token()&amp#27;[0m
  &amp#27;[32mAnd &amp#27;[0m&amp#27;[32mthe token is a valid JWT token&amp#27;[0m              &amp#27;[90m# ch.skycell.StepDefinitions.the_token_is_a_valid_jwt_token()&amp#27;[0m
]]></system-out>
  </testcase>
  <testcase name="Example #1.1" classname="Examples" time="0.21">
    <system-out><![CDATA[
Scenario Outline: Create logger                                                    &amp#27;[90m# ch/skycell/logger_creation.feature:10&amp#27;[0m
  &amp#27;[32mGiven &amp#27;[0m&amp#27;[32mthe API for logger creation is defined&amp#27;[0m                                     &amp#27;[90m# ch.skycell.StepDefinitions.the_api_for_logger_creation_is_defined()&amp#27;[0m
  &amp#27;[32mWhen &amp#27;[0m&amp#27;[32ma user makes API requests to create logger with type &amp#27;[0m&amp#27;[32m&amp#27;[1m"MR_810T"&amp#27;[0m              &amp#27;[90m# ch.skycell.StepDefinitions.a_user_makes_api_requests_to_create_logger_with_type(java.lang.String)&amp#27;[0m
  &amp#27;[32mThen &amp#27;[0m&amp#27;[32mthe system should respond with successful creation messages for each logger&amp#27;[0m &amp#27;[90m# ch.skycell.StepDefinitions.the_system_should_respond_with_successful_creation_messages_for_each_logger()&amp#27;[0m
]]></system-out>
  </testcase>
  <testcase name="Example #1.2" classname="Examples" time="0.099">
    <system-out><![CDATA[
Scenario Outline: Create logger                                                    &amp#27;[90m# ch/skycell/logger_creation.feature:11&amp#27;[0m
  &amp#27;[32mGiven &amp#27;[0m&amp#27;[32mthe API for logger creation is defined&amp#27;[0m                                     &amp#27;[90m# ch.skycell.StepDefinitions.the_api_for_logger_creation_is_defined()&amp#27;[0m
  &amp#27;[32mWhen &amp#27;[0m&amp#27;[32ma user makes API requests to create logger with type &amp#27;[0m&amp#27;[32m&amp#27;[1m"MR_812P"&amp#27;[0m              &amp#27;[90m# ch.skycell.StepDefinitions.a_user_makes_api_requests_to_create_logger_with_type(java.lang.String)&amp#27;[0m
  &amp#27;[32mThen &amp#27;[0m&amp#27;[32mthe system should respond with successful creation messages for each logger&amp#27;[0m &amp#27;[90m# ch.skycell.StepDefinitions.the_system_should_respond_with_successful_creation_messages_for_each_logger()&amp#27;[0m
]]></system-out>
  </testcase>
</testsuite>